# JRE version: Java(TM) SE Runtime Environment (8.0_91-b15) (build 1.8.0_91-b15)
# Java VM: Java HotSpot(TM) 64-Bit Server VM (25.91-b15 mixed mode windows-amd64 compressed oops)
Heap:
 PSYoungGen      total 209920K, used 190605K [0x00000000eab00000, 0x0000000100000000, 0x0000000100000000)
  eden space 175104K, 88% used [0x00000000eab00000,0x00000000f432b460,0x00000000f5600000)
  from space 34816K, 99% used [0x00000000fde00000,0x00000000ffff8158,0x0000000100000000)
  to   space 87040K, 0% used [0x00000000f5600000,0x00000000f5600000,0x00000000fab00000)
 ParOldGen       total 278016K, used 203712K [0x00000000c0000000, 0x00000000d0f80000, 0x00000000eab00000)
  object space 278016K, 73% used [0x00000000c0000000,0x00000000cc6f0060,0x00000000d0f80000)
 Metaspace       used 83568K, capacity 87632K, committed 87856K, reserved 1126400K
  class space    used 10853K, capacity 11724K, committed 11824K, reserved 1048576K
GC Heap History (10 events):
Event: 100.158 GC heap before
{Heap before GC invocations=20 (full 3):
 PSYoungGen      total 278016K, used 277804K [0x00000000eab00000, 0x00000000feb00000, 0x0000000100000000)
  eden space 249856K, 100% used [0x00000000eab00000,0x00000000f9f00000,0x00000000f9f00000)
  from space 28160K, 99% used [0x00000000fbe80000,0x00000000fd9cb0f8,0x00000000fda00000)
  to   space 32256K, 0% used [0x00000000f9f00000,0x00000000f9f00000,0x00000000fbe80000)
 ParOldGen       total 130560K, used 76874K [0x00000000c0000000, 0x00000000c7f80000, 0x00000000eab00000)
  object space 130560K, 58% used [0x00000000c0000000,0x00000000c4b128c0,0x00000000c7f80000)
 Metaspace       used 82310K, capacity 86380K, committed 86448K, reserved 1124352K
  class space    used 10759K, capacity 11628K, committed 11696K, reserved 1048576K
Event: 100.194 GC heap after
Heap after GC invocations=20 (full 3):
 PSYoungGen      total 282112K, used 22291K [0x00000000eab00000, 0x0000000100000000, 0x0000000100000000)
  eden space 249856K, 0% used [0x00000000eab00000,0x00000000eab00000,0x00000000f9f00000)
  from space 32256K, 69% used [0x00000000f9f00000,0x00000000fb4c4f08,0x00000000fbe80000)
  to   space 33280K, 0% used [0x00000000fdf80000,0x00000000fdf80000,0x0000000100000000)
 ParOldGen       total 130560K, used 76882K [0x00000000c0000000, 0x00000000c7f80000, 0x00000000eab00000)
  object space 130560K, 58% used [0x00000000c0000000,0x00000000c4b148c0,0x00000000c7f80000)
 Metaspace       used 82310K, capacity 86380K, committed 86448K, reserved 1124352K
  class space    used 10759K, capacity 11628K, committed 11696K, reserved 1048576K
}
Event: 102.187 GC heap before
{Heap before GC invocations=21 (full 3):
 PSYoungGen      total 282112K, used 271896K [0x00000000eab00000, 0x0000000100000000, 0x0000000100000000)
  eden space 249856K, 99% used [0x00000000eab00000,0x00000000f9ec1330,0x00000000f9f00000)
  from space 32256K, 69% used [0x00000000f9f00000,0x00000000fb4c4f08,0x00000000fbe80000)
  to   space 33280K, 0% used [0x00000000fdf80000,0x00000000fdf80000,0x0000000100000000)
 ParOldGen       total 130560K, used 76882K [0x00000000c0000000, 0x00000000c7f80000, 0x00000000eab00000)
  object space 130560K, 58% used [0x00000000c0000000,0x00000000c4b148c0,0x00000000c7f80000)
 Metaspace       used 82658K, capacity 86776K, committed 86960K, reserved 1124352K
  class space    used 10783K, capacity 11664K, committed 11696K, reserved 1048576K
Event: 102.242 GC heap after
Heap after GC invocations=21 (full 3):
 PSYoungGen      total 312832K, used 23851K [0x00000000eab00000, 0x0000000100000000, 0x0000000100000000)
  eden space 279552K, 0% used [0x00000000eab00000,0x00000000eab00000,0x00000000fbc00000)
  from space 33280K, 71% used [0x00000000fdf80000,0x00000000ff6cad88,0x0000000100000000)
  to   space 34816K, 0% used [0x00000000fbc00000,0x00000000fbc00000,0x00000000fde00000)
 ParOldGen       total 130560K, used 76890K [0x00000000c0000000, 0x00000000c7f80000, 0x00000000eab00000)
  object space 130560K, 58% used [0x00000000c0000000,0x00000000c4b168c0,0x00000000c7f80000)
 Metaspace       used 82658K, capacity 86776K, committed 86960K, reserved 1124352K
  class space    used 10783K, capacity 11664K, committed 11696K, reserved 1048576K
}
Event: 105.160 GC heap before
{Heap before GC invocations=22 (full 3):
 PSYoungGen      total 312832K, used 303403K [0x00000000eab00000, 0x0000000100000000, 0x0000000100000000)
  eden space 279552K, 100% used [0x00000000eab00000,0x00000000fbc00000,0x00000000fbc00000)
  from space 33280K, 71% used [0x00000000fdf80000,0x00000000ff6cad88,0x0000000100000000)
  to   space 34816K, 0% used [0x00000000fbc00000,0x00000000fbc00000,0x00000000fde00000)
 ParOldGen       total 130560K, used 76890K [0x00000000c0000000, 0x00000000c7f80000, 0x00000000eab00000)
  object space 130560K, 58% used [0x00000000c0000000,0x00000000c4b168c0,0x00000000c7f80000)
 Metaspace       used 83342K, capacity 87532K, committed 87856K, reserved 1126400K
  class space    used 10842K, capacity 11724K, committed 11824K, reserved 1048576K
Event: 105.254 GC heap after
Heap after GC invocations=22 (full 3):
 PSYoungGen      total 314368K, used 34793K [0x00000000eab00000, 0x0000000100000000, 0x0000000100000000)
  eden space 279552K, 0% used [0x00000000eab00000,0x00000000eab00000,0x00000000fbc00000)
  from space 34816K, 99% used [0x00000000fbc00000,0x00000000fddfa688,0x00000000fde00000)
  to   space 34816K, 0% used [0x00000000fde00000,0x00000000fde00000,0x0000000100000000)
 ParOldGen       total 139776K, used 139541K [0x00000000c0000000, 0x00000000c8880000, 0x00000000eab00000)
  object space 139776K, 99% used [0x00000000c0000000,0x00000000c8845540,0x00000000c8880000)
 Metaspace       used 83342K, capacity 87532K, committed 87856K, reserved 1126400K
  class space    used 10842K, capacity 11724K, committed 11824K, reserved 1048576K
}
Event: 105.254 GC heap before
{Heap before GC invocations=23 (full 4):
 PSYoungGen      total 314368K, used 34793K [0x00000000eab00000, 0x0000000100000000, 0x0000000100000000)
  eden space 279552K, 0% used [0x00000000eab00000,0x00000000eab00000,0x00000000fbc00000)
  from space 34816K, 99% used [0x00000000fbc00000,0x00000000fddfa688,0x00000000fde00000)
  to   space 34816K, 0% used [0x00000000fde00000,0x00000000fde00000,0x0000000100000000)
 ParOldGen       total 139776K, used 139541K [0x00000000c0000000, 0x00000000c8880000, 0x00000000eab00000)
  object space 139776K, 99% used [0x00000000c0000000,0x00000000c8845540,0x00000000c8880000)
 Metaspace       used 83342K, capacity 87532K, committed 87856K, reserved 1126400K
  class space    used 10842K, capacity 11724K, committed 11824K, reserved 1048576K
Event: 106.111 GC heap after
Heap after GC invocations=23 (full 4):
 PSYoungGen      total 314368K, used 10664K [0x00000000eab00000, 0x0000000100000000, 0x0000000100000000)
  eden space 279552K, 0% used [0x00000000eab00000,0x00000000eab00000,0x00000000fbc00000)
  from space 34816K, 30% used [0x00000000fbc00000,0x00000000fc66a278,0x00000000fde00000)
  to   space 34816K, 0% used [0x00000000fde00000,0x00000000fde00000,0x0000000100000000)
 ParOldGen       total 278016K, used 139301K [0x00000000c0000000, 0x00000000d0f80000, 0x00000000eab00000)
  object space 278016K, 50% used [0x00000000c0000000,0x00000000c88097d8,0x00000000d0f80000)
 Metaspace       used 83188K, capacity 87124K, committed 87856K, reserved 1126400K
  class space    used 10788K, capacity 11632K, committed 11824K, reserved 1048576K
}
Event: 108.417 GC heap before
{Heap before GC invocations=24 (full 4):
 PSYoungGen      total 314368K, used 290216K [0x00000000eab00000, 0x0000000100000000, 0x0000000100000000)
  eden space 279552K, 100% used [0x00000000eab00000,0x00000000fbc00000,0x00000000fbc00000)
  from space 34816K, 30% used [0x00000000fbc00000,0x00000000fc66a278,0x00000000fde00000)
  to   space 34816K, 0% used [0x00000000fde00000,0x00000000fde00000,0x0000000100000000)
 ParOldGen       total 278016K, used 139301K [0x00000000c0000000, 0x00000000d0f80000, 0x00000000eab00000)
  object space 278016K, 50% used [0x00000000c0000000,0x00000000c88097d8,0x00000000d0f80000)
 Metaspace       used 83260K, capacity 87168K, committed 87856K, reserved 1126400K
  class space    used 10800K, capacity 11642K, committed 11824K, reserved 1048576K
Event: 108.609 GC heap after
Heap after GC invocations=24 (full 4):
 PSYoungGen      total 209920K, used 34784K [0x00000000eab00000, 0x0000000100000000, 0x0000000100000000)
  eden space 175104K, 0% used [0x00000000eab00000,0x00000000eab00000,0x00000000f5600000)
  from space 34816K, 99% used [0x00000000fde00000,0x00000000ffff8158,0x0000000100000000)
  to   space 87040K, 0% used [0x00000000f5600000,0x00000000f5600000,0x00000000fab00000)
 ParOldGen       total 278016K, used 203712K [0x00000000c0000000, 0x00000000d0f80000, 0x00000000eab00000)
  object space 278016K, 73% used [0x00000000c0000000,0x00000000cc6f0060,0x00000000d0f80000)
 Metaspace       used 83260K, capacity 87168K, committed 87856K, reserved 1126400K
  class space    used 10800K, capacity 11642K, committed 11824K, reserved 1048576K
}

