# JRE version: Java(TM) SE Runtime Environment (8.0_91-b15) (build 1.8.0_91-b15)
# Java VM: Java HotSpot(TM) 64-Bit Server VM (25.91-b15 mixed mode windows-amd64 compressed oops)
Heap:
 PSYoungGen      total 320512K, used 41658K [0x00000000eab00000, 0x0000000100000000, 0x0000000100000000)
  eden space 293888K, 7% used [0x00000000eab00000,0x00000000ec1b8a60,0x00000000fca00000)
  from space 26624K, 69% used [0x00000000fe600000,0x00000000ff7f6178,0x0000000100000000)
  to   space 27648K, 0% used [0x00000000fca00000,0x00000000fca00000,0x00000000fe500000)
 ParOldGen       total 120320K, used 60512K [0x00000000c0000000, 0x00000000c7580000, 0x00000000eab00000)
  object space 120320K, 50% used [0x00000000c0000000,0x00000000c3b18038,0x00000000c7580000)
 Metaspace       used 71544K, capacity 75084K, committed 75392K, reserved 1114112K
  class space    used 9458K, capacity 10255K, committed 10368K, reserved 1048576K
GC Heap History (10 events):
Event: 19.160 GC heap before
{Heap before GC invocations=15 (full 2):
 PSYoungGen      total 214016K, used 26941K [0x00000000eab00000, 0x00000000fa580000, 0x0000000100000000)
  eden space 196608K, 4% used [0x00000000eab00000,0x00000000eb451760,0x00000000f6b00000)
  from space 17408K, 99% used [0x00000000f8200000,0x00000000f92fdd78,0x00000000f9300000)
  to   space 23552K, 0% used [0x00000000f6b00000,0x00000000f6b00000,0x00000000f8200000)
 ParOldGen       total 72192K, used 34780K [0x00000000c0000000, 0x00000000c4680000, 0x00000000eab00000)
  object space 72192K, 48% used [0x00000000c0000000,0x00000000c21f70b0,0x00000000c4680000)
 Metaspace       used 56504K, capacity 58928K, committed 59008K, reserved 1099776K
  class space    used 7952K, capacity 8557K, committed 8576K, reserved 1048576K
Event: 19.186 GC heap after
Heap after GC invocations=15 (full 2):
 PSYoungGen      total 220160K, used 567K [0x00000000eab00000, 0x0000000100000000, 0x0000000100000000)
  eden space 196608K, 0% used [0x00000000eab00000,0x00000000eab00000,0x00000000f6b00000)
  from space 23552K, 2% used [0x00000000f6b00000,0x00000000f6b8ddd0,0x00000000f8200000)
  to   space 24064K, 0% used [0x00000000fe880000,0x00000000fe880000,0x0000000100000000)
 ParOldGen       total 72192K, used 51461K [0x00000000c0000000, 0x00000000c4680000, 0x00000000eab00000)
  object space 72192K, 71% used [0x00000000c0000000,0x00000000c32416d8,0x00000000c4680000)
 Metaspace       used 56504K, capacity 58928K, committed 59008K, reserved 1099776K
  class space    used 7952K, capacity 8557K, committed 8576K, reserved 1048576K
}
Event: 19.186 GC heap before
{Heap before GC invocations=16 (full 3):
 PSYoungGen      total 220160K, used 567K [0x00000000eab00000, 0x0000000100000000, 0x0000000100000000)
  eden space 196608K, 0% used [0x00000000eab00000,0x00000000eab00000,0x00000000f6b00000)
  from space 23552K, 2% used [0x00000000f6b00000,0x00000000f6b8ddd0,0x00000000f8200000)
  to   space 24064K, 0% used [0x00000000fe880000,0x00000000fe880000,0x0000000100000000)
 ParOldGen       total 72192K, used 51461K [0x00000000c0000000, 0x00000000c4680000, 0x00000000eab00000)
  object space 72192K, 71% used [0x00000000c0000000,0x00000000c32416d8,0x00000000c4680000)
 Metaspace       used 56504K, capacity 58928K, committed 59008K, reserved 1099776K
  class space    used 7952K, capacity 8557K, committed 8576K, reserved 1048576K
Event: 19.503 GC heap after
Heap after GC invocations=16 (full 3):
 PSYoungGen      total 220160K, used 0K [0x00000000eab00000, 0x0000000100000000, 0x0000000100000000)
  eden space 196608K, 0% used [0x00000000eab00000,0x00000000eab00000,0x00000000f6b00000)
  from space 23552K, 0% used [0x00000000f6b00000,0x00000000f6b00000,0x00000000f8200000)
  to   space 24064K, 0% used [0x00000000fe880000,0x00000000fe880000,0x0000000100000000)
 ParOldGen       total 120320K, used 46063K [0x00000000c0000000, 0x00000000c7580000, 0x00000000eab00000)
  object space 120320K, 38% used [0x00000000c0000000,0x00000000c2cfbd38,0x00000000c7580000)
 Metaspace       used 56504K, capacity 58928K, committed 59008K, reserved 1099776K
  class space    used 7952K, capacity 8557K, committed 8576K, reserved 1048576K
}
Event: 953.181 GC heap before
{Heap before GC invocations=17 (full 3):
 PSYoungGen      total 220160K, used 196608K [0x00000000eab00000, 0x0000000100000000, 0x0000000100000000)
  eden space 196608K, 100% used [0x00000000eab00000,0x00000000f6b00000,0x00000000f6b00000)
  from space 23552K, 0% used [0x00000000f6b00000,0x00000000f6b00000,0x00000000f8200000)
  to   space 24064K, 0% used [0x00000000fe880000,0x00000000fe880000,0x0000000100000000)
 ParOldGen       total 120320K, used 46063K [0x00000000c0000000, 0x00000000c7580000, 0x00000000eab00000)
  object space 120320K, 38% used [0x00000000c0000000,0x00000000c2cfbd38,0x00000000c7580000)
 Metaspace       used 61703K, capacity 64486K, committed 64768K, reserved 1105920K
  class space    used 8395K, capacity 9092K, committed 9216K, reserved 1048576K
Event: 953.194 GC heap after
Heap after GC invocations=17 (full 3):
 PSYoungGen      total 293376K, used 11959K [0x00000000eab00000, 0x00000000ff480000, 0x0000000100000000)
  eden space 281088K, 0% used [0x00000000eab00000,0x00000000eab00000,0x00000000fbd80000)
  from space 12288K, 97% used [0x00000000fe880000,0x00000000ff42df48,0x00000000ff480000)
  to   space 23552K, 0% used [0x00000000fc680000,0x00000000fc680000,0x00000000fdd80000)
 ParOldGen       total 120320K, used 46071K [0x00000000c0000000, 0x00000000c7580000, 0x00000000eab00000)
  object space 120320K, 38% used [0x00000000c0000000,0x00000000c2cfdd38,0x00000000c7580000)
 Metaspace       used 61703K, capacity 64486K, committed 64768K, reserved 1105920K
  class space    used 8395K, capacity 9092K, committed 9216K, reserved 1048576K
}
Event: 7790.738 GC heap before
{Heap before GC invocations=18 (full 3):
 PSYoungGen      total 293376K, used 293047K [0x00000000eab00000, 0x00000000ff480000, 0x0000000100000000)
  eden space 281088K, 100% used [0x00000000eab00000,0x00000000fbd80000,0x00000000fbd80000)
  from space 12288K, 97% used [0x00000000fe880000,0x00000000ff42df48,0x00000000ff480000)
  to   space 23552K, 0% used [0x00000000fc680000,0x00000000fc680000,0x00000000fdd80000)
 ParOldGen       total 120320K, used 46071K [0x00000000c0000000, 0x00000000c7580000, 0x00000000eab00000)
  object space 120320K, 38% used [0x00000000c0000000,0x00000000c2cfdd38,0x00000000c7580000)
 Metaspace       used 68242K, capacity 71436K, committed 71680K, reserved 1112064K
  class space    used 9211K, capacity 9979K, committed 9984K, reserved 1048576K
Event: 7790.926 GC heap after
Heap after GC invocations=18 (full 3):
 PSYoungGen      total 313856K, used 22245K [0x00000000eab00000, 0x0000000100000000, 0x0000000100000000)
  eden space 290304K, 0% used [0x00000000eab00000,0x00000000eab00000,0x00000000fc680000)
  from space 23552K, 94% used [0x00000000fc680000,0x00000000fdc39658,0x00000000fdd80000)
  to   space 26624K, 0% used [0x00000000fe600000,0x00000000fe600000,0x0000000100000000)
 ParOldGen       total 120320K, used 54895K [0x00000000c0000000, 0x00000000c7580000, 0x00000000eab00000)
  object space 120320K, 45% used [0x00000000c0000000,0x00000000c359bf60,0x00000000c7580000)
 Metaspace       used 68242K, capacity 71436K, committed 71680K, reserved 1112064K
  class space    used 9211K, capacity 9979K, committed 9984K, reserved 1048576K
}
Event: 7808.468 GC heap before
{Heap before GC invocations=19 (full 3):
 PSYoungGen      total 313856K, used 312549K [0x00000000eab00000, 0x0000000100000000, 0x0000000100000000)
  eden space 290304K, 100% used [0x00000000eab00000,0x00000000fc680000,0x00000000fc680000)
  from space 23552K, 94% used [0x00000000fc680000,0x00000000fdc39658,0x00000000fdd80000)
  to   space 26624K, 0% used [0x00000000fe600000,0x00000000fe600000,0x0000000100000000)
 ParOldGen       total 120320K, used 54895K [0x00000000c0000000, 0x00000000c7580000, 0x00000000eab00000)
  object space 120320K, 45% used [0x00000000c0000000,0x00000000c359bf60,0x00000000c7580000)
 Metaspace       used 71505K, capacity 75066K, committed 75392K, reserved 1114112K
  class space    used 9457K, capacity 10252K, committed 10368K, reserved 1048576K
Event: 7808.500 GC heap after
Heap after GC invocations=19 (full 3):
 PSYoungGen      total 320512K, used 18392K [0x00000000eab00000, 0x0000000100000000, 0x0000000100000000)
  eden space 293888K, 0% used [0x00000000eab00000,0x00000000eab00000,0x00000000fca00000)
  from space 26624K, 69% used [0x00000000fe600000,0x00000000ff7f6178,0x0000000100000000)
  to   space 27648K, 0% used [0x00000000fca00000,0x00000000fca00000,0x00000000fe500000)
 ParOldGen       total 120320K, used 60512K [0x00000000c0000000, 0x00000000c7580000, 0x00000000eab00000)
  object space 120320K, 50% used [0x00000000c0000000,0x00000000c3b18038,0x00000000c7580000)
 Metaspace       used 71505K, capacity 75066K, committed 75392K, reserved 1114112K
  class space    used 9457K, capacity 10252K, committed 10368K, reserved 1048576K
}

