# JRE version: Java(TM) SE Runtime Environment (8.0_91-b15) (build 1.8.0_91-b15)
# Java VM: Java HotSpot(TM) 64-Bit Server VM (25.91-b15 mixed mode windows-amd64 compressed oops)
Heap:
 PSYoungGen      total 175104K, used 70979K [0x00000000eab00000, 0x00000000f6a00000, 0x0000000100000000)
  eden space 163328K, 43% used [0x00000000eab00000,0x00000000ef050c58,0x00000000f4a80000)
  from space 11776K, 0% used [0x00000000f5780000,0x00000000f5780000,0x00000000f6300000)
  to   space 13312K, 0% used [0x00000000f4a80000,0x00000000f4a80000,0x00000000f5780000)
 ParOldGen       total 112640K, used 39774K [0x00000000c0000000, 0x00000000c6e00000, 0x00000000eab00000)
  object space 112640K, 35% used [0x00000000c0000000,0x00000000c26d79c0,0x00000000c6e00000)
 Metaspace       used 60037K, capacity 62374K, committed 62592K, reserved 1103872K
  class space    used 8160K, capacity 8713K, committed 8832K, reserved 1048576K
GC Heap History (10 events):
Event: 98.934 GC heap before
{Heap before GC invocations=11 (full 2):
 PSYoungGen      total 124928K, used 7823K [0x00000000eab00000, 0x00000000f6300000, 0x0000000100000000)
  eden space 113152K, 0% used [0x00000000eab00000,0x00000000eab00000,0x00000000f1980000)
  from space 11776K, 66% used [0x00000000f1980000,0x00000000f2123ca0,0x00000000f2500000)
  to   space 11776K, 0% used [0x00000000f5780000,0x00000000f5780000,0x00000000f6300000)
 ParOldGen       total 52736K, used 9939K [0x00000000c0000000, 0x00000000c3380000, 0x00000000eab00000)
  object space 52736K, 18% used [0x00000000c0000000,0x00000000c09b4f50,0x00000000c3380000)
 Metaspace       used 34536K, capacity 35262K, committed 35416K, reserved 1079296K
  class space    used 4764K, capacity 4998K, committed 5120K, reserved 1048576K
Event: 99.014 GC heap after
Heap after GC invocations=11 (full 2):
 PSYoungGen      total 124928K, used 0K [0x00000000eab00000, 0x00000000f6300000, 0x0000000100000000)
  eden space 113152K, 0% used [0x00000000eab00000,0x00000000eab00000,0x00000000f1980000)
  from space 11776K, 0% used [0x00000000f1980000,0x00000000f1980000,0x00000000f2500000)
  to   space 11776K, 0% used [0x00000000f5780000,0x00000000f5780000,0x00000000f6300000)
 ParOldGen       total 67072K, used 15699K [0x00000000c0000000, 0x00000000c4180000, 0x00000000eab00000)
  object space 67072K, 23% used [0x00000000c0000000,0x00000000c0f54d28,0x00000000c4180000)
 Metaspace       used 34482K, capacity 35136K, committed 35416K, reserved 1079296K
  class space    used 4750K, capacity 4956K, committed 5120K, reserved 1048576K
}
Event: 100.500 GC heap before
{Heap before GC invocations=12 (full 2):
 PSYoungGen      total 124928K, used 113152K [0x00000000eab00000, 0x00000000f6300000, 0x0000000100000000)
  eden space 113152K, 100% used [0x00000000eab00000,0x00000000f1980000,0x00000000f1980000)
  from space 11776K, 0% used [0x00000000f1980000,0x00000000f1980000,0x00000000f2500000)
  to   space 11776K, 0% used [0x00000000f5780000,0x00000000f5780000,0x00000000f6300000)
 ParOldGen       total 67072K, used 15699K [0x00000000c0000000, 0x00000000c4180000, 0x00000000eab00000)
  object space 67072K, 23% used [0x00000000c0000000,0x00000000c0f54d28,0x00000000c4180000)
 Metaspace       used 43539K, capacity 44532K, committed 44672K, reserved 1087488K
  class space    used 5919K, capacity 6201K, committed 6272K, reserved 1048576K
Event: 100.510 GC heap after
Heap after GC invocations=12 (full 2):
 PSYoungGen      total 175104K, used 11767K [0x00000000eab00000, 0x00000000f6a00000, 0x0000000100000000)
  eden space 163328K, 0% used [0x00000000eab00000,0x00000000eab00000,0x00000000f4a80000)
  from space 11776K, 99% used [0x00000000f5780000,0x00000000f62fdc38,0x00000000f6300000)
  to   space 13312K, 0% used [0x00000000f4a80000,0x00000000f4a80000,0x00000000f5780000)
 ParOldGen       total 67072K, used 17022K [0x00000000c0000000, 0x00000000c4180000, 0x00000000eab00000)
  object space 67072K, 25% used [0x00000000c0000000,0x00000000c109f9d8,0x00000000c4180000)
 Metaspace       used 43539K, capacity 44532K, committed 44672K, reserved 1087488K
  class space    used 5919K, capacity 6201K, committed 6272K, reserved 1048576K
}
Event: 102.466 GC heap before
{Heap before GC invocations=13 (full 2):
 PSYoungGen      total 175104K, used 175095K [0x00000000eab00000, 0x00000000f6a00000, 0x0000000100000000)
  eden space 163328K, 100% used [0x00000000eab00000,0x00000000f4a80000,0x00000000f4a80000)
  from space 11776K, 99% used [0x00000000f5780000,0x00000000f62fdc38,0x00000000f6300000)
  to   space 13312K, 0% used [0x00000000f4a80000,0x00000000f4a80000,0x00000000f5780000)
 ParOldGen       total 67072K, used 17022K [0x00000000c0000000, 0x00000000c4180000, 0x00000000eab00000)
  object space 67072K, 25% used [0x00000000c0000000,0x00000000c109f9d8,0x00000000c4180000)
 Metaspace       used 54769K, capacity 56558K, committed 56704K, reserved 1097728K
  class space    used 7547K, capacity 7993K, committed 8064K, reserved 1048576K
Event: 102.499 GC heap after
Heap after GC invocations=13 (full 2):
 PSYoungGen      total 176640K, used 13297K [0x00000000eab00000, 0x00000000f6a00000, 0x0000000100000000)
  eden space 163328K, 0% used [0x00000000eab00000,0x00000000eab00000,0x00000000f4a80000)
  from space 13312K, 99% used [0x00000000f4a80000,0x00000000f577c468,0x00000000f5780000)
  to   space 11776K, 0% used [0x00000000f5780000,0x00000000f5780000,0x00000000f6300000)
 ParOldGen       total 67072K, used 27607K [0x00000000c0000000, 0x00000000c4180000, 0x00000000eab00000)
  object space 67072K, 41% used [0x00000000c0000000,0x00000000c1af5ee0,0x00000000c4180000)
 Metaspace       used 54769K, capacity 56558K, committed 56704K, reserved 1097728K
  class space    used 7547K, capacity 7993K, committed 8064K, reserved 1048576K
}
Event: 103.463 GC heap before
{Heap before GC invocations=14 (full 2):
 PSYoungGen      total 176640K, used 67609K [0x00000000eab00000, 0x00000000f6a00000, 0x0000000100000000)
  eden space 163328K, 33% used [0x00000000eab00000,0x00000000ee00a158,0x00000000f4a80000)
  from space 13312K, 99% used [0x00000000f4a80000,0x00000000f577c468,0x00000000f5780000)
  to   space 11776K, 0% used [0x00000000f5780000,0x00000000f5780000,0x00000000f6300000)
 ParOldGen       total 67072K, used 27607K [0x00000000c0000000, 0x00000000c4180000, 0x00000000eab00000)
  object space 67072K, 41% used [0x00000000c0000000,0x00000000c1af5ee0,0x00000000c4180000)
 Metaspace       used 56686K, capacity 58926K, committed 59028K, reserved 1099776K
  class space    used 7825K, capacity 8369K, committed 8448K, reserved 1048576K
Event: 103.481 GC heap after
Heap after GC invocations=14 (full 2):
 PSYoungGen      total 175104K, used 8292K [0x00000000eab00000, 0x00000000f6a00000, 0x0000000100000000)
  eden space 163328K, 0% used [0x00000000eab00000,0x00000000eab00000,0x00000000f4a80000)
  from space 11776K, 70% used [0x00000000f5780000,0x00000000f5f99368,0x00000000f6300000)
  to   space 13312K, 0% used [0x00000000f4a80000,0x00000000f4a80000,0x00000000f5780000)
 ParOldGen       total 67072K, used 37194K [0x00000000c0000000, 0x00000000c4180000, 0x00000000eab00000)
  object space 67072K, 55% used [0x00000000c0000000,0x00000000c2452a10,0x00000000c4180000)
 Metaspace       used 56686K, capacity 58926K, committed 59028K, reserved 1099776K
  class space    used 7825K, capacity 8369K, committed 8448K, reserved 1048576K
}
Event: 103.481 GC heap before
{Heap before GC invocations=15 (full 3):
 PSYoungGen      total 175104K, used 8292K [0x00000000eab00000, 0x00000000f6a00000, 0x0000000100000000)
  eden space 163328K, 0% used [0x00000000eab00000,0x00000000eab00000,0x00000000f4a80000)
  from space 11776K, 70% used [0x00000000f5780000,0x00000000f5f99368,0x00000000f6300000)
  to   space 13312K, 0% used [0x00000000f4a80000,0x00000000f4a80000,0x00000000f5780000)
 ParOldGen       total 67072K, used 37194K [0x00000000c0000000, 0x00000000c4180000, 0x00000000eab00000)
  object space 67072K, 55% used [0x00000000c0000000,0x00000000c2452a10,0x00000000c4180000)
 Metaspace       used 56686K, capacity 58926K, committed 59028K, reserved 1099776K
  class space    used 7825K, capacity 8369K, committed 8448K, reserved 1048576K
Event: 103.730 GC heap after
Heap after GC invocations=15 (full 3):
 PSYoungGen      total 175104K, used 0K [0x00000000eab00000, 0x00000000f6a00000, 0x0000000100000000)
  eden space 163328K, 0% used [0x00000000eab00000,0x00000000eab00000,0x00000000f4a80000)
  from space 11776K, 0% used [0x00000000f5780000,0x00000000f5780000,0x00000000f6300000)
  to   space 13312K, 0% used [0x00000000f4a80000,0x00000000f4a80000,0x00000000f5780000)
 ParOldGen       total 112640K, used 39774K [0x00000000c0000000, 0x00000000c6e00000, 0x00000000eab00000)
  object space 112640K, 35% used [0x00000000c0000000,0x00000000c26d79c0,0x00000000c6e00000)
 Metaspace       used 56666K, capacity 58904K, committed 59028K, reserved 1099776K
  class space    used 7819K, capacity 8363K, committed 8448K, reserved 1048576K
}

