# JRE version: Java(TM) SE Runtime Environment (8.0_91-b15) (build 1.8.0_91-b15)
# Java VM: Java HotSpot(TM) 64-Bit Server VM (25.91-b15 mixed mode windows-amd64 compressed oops)
Heap:
 PSYoungGen      total 136192K, used 21907K [0x00000000eab00000, 0x00000000f6200000, 0x0000000100000000)
  eden space 128512K, 11% used [0x00000000eab00000,0x00000000eb8e5cb8,0x00000000f2880000)
  from space 7680K, 99% used [0x00000000f3680000,0x00000000f3dff2e0,0x00000000f3e00000)
  to   space 14336K, 0% used [0x00000000f2880000,0x00000000f2880000,0x00000000f3680000)
 ParOldGen       total 56832K, used 24347K [0x00000000c0000000, 0x00000000c3780000, 0x00000000eab00000)
  object space 56832K, 42% used [0x00000000c0000000,0x00000000c17c6d00,0x00000000c3780000)
 Metaspace       used 40364K, capacity 41320K, committed 41600K, reserved 1085440K
  class space    used 5635K, capacity 5953K, committed 6016K, reserved 1048576K
GC Heap History (10 events):
Event: 2.665 GC heap before
{Heap before GC invocations=6 (full 1):
 PSYoungGen      total 71680K, used 5088K [0x00000000eab00000, 0x00000000f4000000, 0x0000000100000000)
  eden space 66560K, 0% used [0x00000000eab00000,0x00000000eab00000,0x00000000eec00000)
  from space 5120K, 99% used [0x00000000eec00000,0x00000000ef0f8050,0x00000000ef100000)
  to   space 9728K, 0% used [0x00000000f3680000,0x00000000f3680000,0x00000000f4000000)
 ParOldGen       total 87552K, used 7999K [0x00000000c0000000, 0x00000000c5580000, 0x00000000eab00000)
  object space 87552K, 9% used [0x00000000c0000000,0x00000000c07cff38,0x00000000c5580000)
 Metaspace       used 20856K, capacity 21168K, committed 21248K, reserved 1067008K
  class space    used 2959K, capacity 3046K, committed 3072K, reserved 1048576K
Event: 2.696 GC heap after
Heap after GC invocations=6 (full 1):
 PSYoungGen      total 71680K, used 0K [0x00000000eab00000, 0x00000000f4000000, 0x0000000100000000)
  eden space 66560K, 0% used [0x00000000eab00000,0x00000000eab00000,0x00000000eec00000)
  from space 5120K, 0% used [0x00000000eec00000,0x00000000eec00000,0x00000000ef100000)
  to   space 9728K, 0% used [0x00000000f3680000,0x00000000f3680000,0x00000000f4000000)
 ParOldGen       total 56832K, used 7878K [0x00000000c0000000, 0x00000000c3780000, 0x00000000eab00000)
  object space 56832K, 13% used [0x00000000c0000000,0x00000000c07b1a70,0x00000000c3780000)
 Metaspace       used 20856K, capacity 21168K, committed 21248K, reserved 1067008K
  class space    used 2959K, capacity 3046K, committed 3072K, reserved 1048576K
}
Event: 3.578 GC heap before
{Heap before GC invocations=7 (full 1):
 PSYoungGen      total 71680K, used 66560K [0x00000000eab00000, 0x00000000f4000000, 0x0000000100000000)
  eden space 66560K, 100% used [0x00000000eab00000,0x00000000eec00000,0x00000000eec00000)
  from space 5120K, 0% used [0x00000000eec00000,0x00000000eec00000,0x00000000ef100000)
  to   space 9728K, 0% used [0x00000000f3680000,0x00000000f3680000,0x00000000f4000000)
 ParOldGen       total 56832K, used 7878K [0x00000000c0000000, 0x00000000c3780000, 0x00000000eab00000)
  object space 56832K, 13% used [0x00000000c0000000,0x00000000c07b1a70,0x00000000c3780000)
 Metaspace       used 26363K, capacity 26880K, committed 27136K, reserved 1073152K
  class space    used 3701K, capacity 3835K, committed 3840K, reserved 1048576K
Event: 3.588 GC heap after
Heap after GC invocations=7 (full 1):
 PSYoungGen      total 117248K, used 7534K [0x00000000eab00000, 0x00000000f3e00000, 0x0000000100000000)
  eden space 109568K, 0% used [0x00000000eab00000,0x00000000eab00000,0x00000000f1600000)
  from space 7680K, 98% used [0x00000000f3680000,0x00000000f3ddb8f0,0x00000000f3e00000)
  to   space 10240K, 0% used [0x00000000f2a00000,0x00000000f2a00000,0x00000000f3400000)
 ParOldGen       total 56832K, used 7886K [0x00000000c0000000, 0x00000000c3780000, 0x00000000eab00000)
  object space 56832K, 13% used [0x00000000c0000000,0x00000000c07b3a70,0x00000000c3780000)
 Metaspace       used 26363K, capacity 26880K, committed 27136K, reserved 1073152K
  class space    used 3701K, capacity 3835K, committed 3840K, reserved 1048576K
}
Event: 5.003 GC heap before
{Heap before GC invocations=8 (full 1):
 PSYoungGen      total 117248K, used 103712K [0x00000000eab00000, 0x00000000f3e00000, 0x0000000100000000)
  eden space 109568K, 87% used [0x00000000eab00000,0x00000000f08ec950,0x00000000f1600000)
  from space 7680K, 98% used [0x00000000f3680000,0x00000000f3ddb8f0,0x00000000f3e00000)
  to   space 10240K, 0% used [0x00000000f2a00000,0x00000000f2a00000,0x00000000f3400000)
 ParOldGen       total 56832K, used 7886K [0x00000000c0000000, 0x00000000c3780000, 0x00000000eab00000)
  object space 56832K, 13% used [0x00000000c0000000,0x00000000c07b3a70,0x00000000c3780000)
 Metaspace       used 34629K, capacity 35308K, committed 35416K, reserved 1079296K
  class space    used 4853K, capacity 5071K, committed 5120K, reserved 1048576K
Event: 5.019 GC heap after
Heap after GC invocations=8 (full 1):
 PSYoungGen      total 119808K, used 10217K [0x00000000eab00000, 0x00000000f3e00000, 0x0000000100000000)
  eden space 109568K, 0% used [0x00000000eab00000,0x00000000eab00000,0x00000000f1600000)
  from space 10240K, 99% used [0x00000000f2a00000,0x00000000f33fa770,0x00000000f3400000)
  to   space 7680K, 0% used [0x00000000f3680000,0x00000000f3680000,0x00000000f3e00000)
 ParOldGen       total 56832K, used 11407K [0x00000000c0000000, 0x00000000c3780000, 0x00000000eab00000)
  object space 56832K, 20% used [0x00000000c0000000,0x00000000c0b23df0,0x00000000c3780000)
 Metaspace       used 34629K, capacity 35308K, committed 35416K, reserved 1079296K
  class space    used 4853K, capacity 5071K, committed 5120K, reserved 1048576K
}
Event: 5.019 GC heap before
{Heap before GC invocations=9 (full 2):
 PSYoungGen      total 119808K, used 10217K [0x00000000eab00000, 0x00000000f3e00000, 0x0000000100000000)
  eden space 109568K, 0% used [0x00000000eab00000,0x00000000eab00000,0x00000000f1600000)
  from space 10240K, 99% used [0x00000000f2a00000,0x00000000f33fa770,0x00000000f3400000)
  to   space 7680K, 0% used [0x00000000f3680000,0x00000000f3680000,0x00000000f3e00000)
 ParOldGen       total 56832K, used 11407K [0x00000000c0000000, 0x00000000c3780000, 0x00000000eab00000)
  object space 56832K, 20% used [0x00000000c0000000,0x00000000c0b23df0,0x00000000c3780000)
 Metaspace       used 34629K, capacity 35308K, committed 35416K, reserved 1079296K
  class space    used 4853K, capacity 5071K, committed 5120K, reserved 1048576K
Event: 5.093 GC heap after
Heap after GC invocations=9 (full 2):
 PSYoungGen      total 119808K, used 0K [0x00000000eab00000, 0x00000000f3e00000, 0x0000000100000000)
  eden space 109568K, 0% used [0x00000000eab00000,0x00000000eab00000,0x00000000f1600000)
  from space 10240K, 0% used [0x00000000f2a00000,0x00000000f2a00000,0x00000000f3400000)
  to   space 7680K, 0% used [0x00000000f3680000,0x00000000f3680000,0x00000000f3e00000)
 ParOldGen       total 56832K, used 20235K [0x00000000c0000000, 0x00000000c3780000, 0x00000000eab00000)
  object space 56832K, 35% used [0x00000000c0000000,0x00000000c13c2fb8,0x00000000c3780000)
 Metaspace       used 34629K, capacity 35308K, committed 35416K, reserved 1079296K
  class space    used 4853K, capacity 5071K, committed 5120K, reserved 1048576K
}
Event: 6.053 GC heap before
{Heap before GC invocations=10 (full 2):
 PSYoungGen      total 119808K, used 109568K [0x00000000eab00000, 0x00000000f3e00000, 0x0000000100000000)
  eden space 109568K, 100% used [0x00000000eab00000,0x00000000f1600000,0x00000000f1600000)
  from space 10240K, 0% used [0x00000000f2a00000,0x00000000f2a00000,0x00000000f3400000)
  to   space 7680K, 0% used [0x00000000f3680000,0x00000000f3680000,0x00000000f3e00000)
 ParOldGen       total 56832K, used 20235K [0x00000000c0000000, 0x00000000c3780000, 0x00000000eab00000)
  object space 56832K, 35% used [0x00000000c0000000,0x00000000c13c2fb8,0x00000000c3780000)
 Metaspace       used 40245K, capacity 41218K, committed 41344K, reserved 1085440K
  class space    used 5619K, capacity 5942K, committed 6016K, reserved 1048576K
Event: 6.068 GC heap after
Heap after GC invocations=10 (full 2):
 PSYoungGen      total 136192K, used 7676K [0x00000000eab00000, 0x00000000f6200000, 0x0000000100000000)
  eden space 128512K, 0% used [0x00000000eab00000,0x00000000eab00000,0x00000000f2880000)
  from space 7680K, 99% used [0x00000000f3680000,0x00000000f3dff2e0,0x00000000f3e00000)
  to   space 14336K, 0% used [0x00000000f2880000,0x00000000f2880000,0x00000000f3680000)
 ParOldGen       total 56832K, used 24347K [0x00000000c0000000, 0x00000000c3780000, 0x00000000eab00000)
  object space 56832K, 42% used [0x00000000c0000000,0x00000000c17c6d00,0x00000000c3780000)
 Metaspace       used 40245K, capacity 41218K, committed 41344K, reserved 1085440K
  class space    used 5619K, capacity 5942K, committed 6016K, reserved 1048576K
}

