# JRE version: Java(TM) SE Runtime Environment (8.0_91-b15) (build 1.8.0_91-b15)
# Java VM: Java HotSpot(TM) 64-Bit Server VM (25.91-b15 mixed mode windows-amd64 compressed oops)
Heap:
 PSYoungGen      total 211456K, used 139564K [0x00000000eab00000, 0x00000000fa800000, 0x0000000100000000)
  eden space 189952K, 73% used [0x00000000eab00000,0x00000000f334b030,0x00000000f6480000)
  from space 21504K, 0% used [0x00000000f8000000,0x00000000f8000000,0x00000000f9500000)
  to   space 28160K, 0% used [0x00000000f6480000,0x00000000f6480000,0x00000000f8000000)
 ParOldGen       total 157696K, used 49492K [0x00000000c0000000, 0x00000000c9a00000, 0x00000000eab00000)
  object space 157696K, 31% used [0x00000000c0000000,0x00000000c3055210,0x00000000c9a00000)
 Metaspace       used 62332K, capacity 64992K, committed 65280K, reserved 1105920K
  class space    used 8654K, capacity 9365K, committed 9472K, reserved 1048576K
GC Heap History (10 events):
Event: 7.976 GC heap before
{Heap before GC invocations=9 (full 2):
 PSYoungGen      total 140288K, used 10236K [0x00000000eab00000, 0x00000000f5f00000, 0x0000000100000000)
  eden space 130048K, 0% used [0x00000000eab00000,0x00000000eab00000,0x00000000f2a00000)
  from space 10240K, 99% used [0x00000000f2a00000,0x00000000f33ff060,0x00000000f3400000)
  to   space 13312K, 0% used [0x00000000f5200000,0x00000000f5200000,0x00000000f5f00000)
 ParOldGen       total 59392K, used 11439K [0x00000000c0000000, 0x00000000c3a00000, 0x00000000eab00000)
  object space 59392K, 19% used [0x00000000c0000000,0x00000000c0b2bf20,0x00000000c3a00000)
 Metaspace       used 34652K, capacity 35308K, committed 35416K, reserved 1079296K
  class space    used 4854K, capacity 5071K, committed 5120K, reserved 1048576K
Event: 8.077 GC heap after
Heap after GC invocations=9 (full 2):
 PSYoungGen      total 140288K, used 0K [0x00000000eab00000, 0x00000000f5f00000, 0x0000000100000000)
  eden space 130048K, 0% used [0x00000000eab00000,0x00000000eab00000,0x00000000f2a00000)
  from space 10240K, 0% used [0x00000000f2a00000,0x00000000f2a00000,0x00000000f3400000)
  to   space 13312K, 0% used [0x00000000f5200000,0x00000000f5200000,0x00000000f5f00000)
 ParOldGen       total 97280K, used 20223K [0x00000000c0000000, 0x00000000c5f00000, 0x00000000eab00000)
  object space 97280K, 20% used [0x00000000c0000000,0x00000000c13bfef0,0x00000000c5f00000)
 Metaspace       used 34652K, capacity 35308K, committed 35416K, reserved 1079296K
  class space    used 4854K, capacity 5071K, committed 5120K, reserved 1048576K
}
Event: 10.213 GC heap before
{Heap before GC invocations=10 (full 2):
 PSYoungGen      total 140288K, used 130048K [0x00000000eab00000, 0x00000000f5f00000, 0x0000000100000000)
  eden space 130048K, 100% used [0x00000000eab00000,0x00000000f2a00000,0x00000000f2a00000)
  from space 10240K, 0% used [0x00000000f2a00000,0x00000000f2a00000,0x00000000f3400000)
  to   space 13312K, 0% used [0x00000000f5200000,0x00000000f5200000,0x00000000f5f00000)
 ParOldGen       total 97280K, used 20223K [0x00000000c0000000, 0x00000000c5f00000, 0x00000000eab00000)
  object space 97280K, 20% used [0x00000000c0000000,0x00000000c13bfef0,0x00000000c5f00000)
 Metaspace       used 41073K, capacity 42028K, committed 42240K, reserved 1085440K
  class space    used 5753K, capacity 6058K, committed 6144K, reserved 1048576K
Event: 10.241 GC heap after
Heap after GC invocations=10 (full 2):
 PSYoungGen      total 168960K, used 13311K [0x00000000eab00000, 0x00000000f8380000, 0x0000000100000000)
  eden space 155648K, 0% used [0x00000000eab00000,0x00000000eab00000,0x00000000f4300000)
  from space 13312K, 99% used [0x00000000f5200000,0x00000000f5effcf0,0x00000000f5f00000)
  to   space 15360K, 0% used [0x00000000f4300000,0x00000000f4300000,0x00000000f5200000)
 ParOldGen       total 97280K, used 21450K [0x00000000c0000000, 0x00000000c5f00000, 0x00000000eab00000)
  object space 97280K, 22% used [0x00000000c0000000,0x00000000c14f2b88,0x00000000c5f00000)
 Metaspace       used 41073K, capacity 42028K, committed 42240K, reserved 1085440K
  class space    used 5753K, capacity 6058K, committed 6144K, reserved 1048576K
}
Event: 13.760 GC heap before
{Heap before GC invocations=11 (full 2):
 PSYoungGen      total 168960K, used 168959K [0x00000000eab00000, 0x00000000f8380000, 0x0000000100000000)
  eden space 155648K, 100% used [0x00000000eab00000,0x00000000f4300000,0x00000000f4300000)
  from space 13312K, 99% used [0x00000000f5200000,0x00000000f5effcf0,0x00000000f5f00000)
  to   space 15360K, 0% used [0x00000000f4300000,0x00000000f4300000,0x00000000f5200000)
 ParOldGen       total 97280K, used 21450K [0x00000000c0000000, 0x00000000c5f00000, 0x00000000eab00000)
  object space 97280K, 22% used [0x00000000c0000000,0x00000000c14f2b88,0x00000000c5f00000)
 Metaspace       used 52199K, capacity 54050K, committed 54272K, reserved 1095680K
  class space    used 7358K, capacity 7853K, committed 7936K, reserved 1048576K
Event: 13.786 GC heap after
Heap after GC invocations=11 (full 2):
 PSYoungGen      total 171008K, used 15344K [0x00000000eab00000, 0x00000000f9500000, 0x0000000100000000)
  eden space 155648K, 0% used [0x00000000eab00000,0x00000000eab00000,0x00000000f4300000)
  from space 15360K, 99% used [0x00000000f4300000,0x00000000f51fc220,0x00000000f5200000)
  to   space 21504K, 0% used [0x00000000f8000000,0x00000000f8000000,0x00000000f9500000)
 ParOldGen       total 97280K, used 31584K [0x00000000c0000000, 0x00000000c5f00000, 0x00000000eab00000)
  object space 97280K, 32% used [0x00000000c0000000,0x00000000c1ed80a8,0x00000000c5f00000)
 Metaspace       used 52199K, capacity 54050K, committed 54272K, reserved 1095680K
  class space    used 7358K, capacity 7853K, committed 7936K, reserved 1048576K
}
Event: 16.950 GC heap before
{Heap before GC invocations=12 (full 2):
 PSYoungGen      total 171008K, used 129432K [0x00000000eab00000, 0x00000000f9500000, 0x0000000100000000)
  eden space 155648K, 73% used [0x00000000eab00000,0x00000000f1a69e08,0x00000000f4300000)
  from space 15360K, 99% used [0x00000000f4300000,0x00000000f51fc220,0x00000000f5200000)
  to   space 21504K, 0% used [0x00000000f8000000,0x00000000f8000000,0x00000000f9500000)
 ParOldGen       total 97280K, used 31584K [0x00000000c0000000, 0x00000000c5f00000, 0x00000000eab00000)
  object space 97280K, 32% used [0x00000000c0000000,0x00000000c1ed80a8,0x00000000c5f00000)
 Metaspace       used 56470K, capacity 58910K, committed 59008K, reserved 1099776K
  class space    used 7948K, capacity 8555K, committed 8576K, reserved 1048576K
Event: 17.039 GC heap after
Heap after GC invocations=12 (full 2):
 PSYoungGen      total 211456K, used 21478K [0x00000000eab00000, 0x00000000fa800000, 0x0000000100000000)
  eden space 189952K, 0% used [0x00000000eab00000,0x00000000eab00000,0x00000000f6480000)
  from space 21504K, 99% used [0x00000000f8000000,0x00000000f94f99c0,0x00000000f9500000)
  to   space 28160K, 0% used [0x00000000f6480000,0x00000000f6480000,0x00000000f8000000)
 ParOldGen       total 97280K, used 40895K [0x00000000c0000000, 0x00000000c5f00000, 0x00000000eab00000)
  object space 97280K, 42% used [0x00000000c0000000,0x00000000c27efe68,0x00000000c5f00000)
 Metaspace       used 56470K, capacity 58910K, committed 59008K, reserved 1099776K
  class space    used 7948K, capacity 8555K, committed 8576K, reserved 1048576K
}
Event: 17.039 GC heap before
{Heap before GC invocations=13 (full 3):
 PSYoungGen      total 211456K, used 21478K [0x00000000eab00000, 0x00000000fa800000, 0x0000000100000000)
  eden space 189952K, 0% used [0x00000000eab00000,0x00000000eab00000,0x00000000f6480000)
  from space 21504K, 99% used [0x00000000f8000000,0x00000000f94f99c0,0x00000000f9500000)
  to   space 28160K, 0% used [0x00000000f6480000,0x00000000f6480000,0x00000000f8000000)
 ParOldGen       total 97280K, used 40895K [0x00000000c0000000, 0x00000000c5f00000, 0x00000000eab00000)
  object space 97280K, 42% used [0x00000000c0000000,0x00000000c27efe68,0x00000000c5f00000)
 Metaspace       used 56470K, capacity 58910K, committed 59008K, reserved 1099776K
  class space    used 7948K, capacity 8555K, committed 8576K, reserved 1048576K
Event: 17.399 GC heap after
Heap after GC invocations=13 (full 3):
 PSYoungGen      total 211456K, used 0K [0x00000000eab00000, 0x00000000fa800000, 0x0000000100000000)
  eden space 189952K, 0% used [0x00000000eab00000,0x00000000eab00000,0x00000000f6480000)
  from space 21504K, 0% used [0x00000000f8000000,0x00000000f8000000,0x00000000f9500000)
  to   space 28160K, 0% used [0x00000000f6480000,0x00000000f6480000,0x00000000f8000000)
 ParOldGen       total 157696K, used 49492K [0x00000000c0000000, 0x00000000c9a00000, 0x00000000eab00000)
  object space 157696K, 31% used [0x00000000c0000000,0x00000000c3055210,0x00000000c9a00000)
 Metaspace       used 56470K, capacity 58910K, committed 59008K, reserved 1099776K
  class space    used 7948K, capacity 8555K, committed 8576K, reserved 1048576K
}

